Processing chapter: chapter_preface
  Appended chapter_preface/index.md
Processing chapter: chapter_installation
  Appended chapter_installation/index.md
Processing chapter: chapter_notation
  Appended chapter_notation/index.md
Processing chapter: chapter_introduction
  Appended chapter_introduction/index.md
Processing chapter: chapter_preliminaries
  Appended chapter_preliminaries/index.md
Processing chapter: chapter_linear-regression
  Appended chapter_linear-regression/index.md
Processing chapter: chapter_linear-classification
  Appended chapter_linear-classification/index.md
Processing chapter: chapter_multilayer-perceptrons
  Appended chapter_multilayer-perceptrons/index.md
Processing chapter: chapter_builders-guide
  Appended chapter_builders-guide/index.md
Processing chapter: chapter_convolutional-neural-networks
  Appended chapter_convolutional-neural-networks/index.md
Processing chapter: chapter_convolutional-modern
  Appended chapter_convolutional-modern/index.md
Processing chapter: chapter_recurrent-neural-networks
  Appended chapter_recurrent-neural-networks/index.md
Processing chapter: chapter_recurrent-modern
  Appended chapter_recurrent-modern/index.md
Processing chapter: chapter_attention-mechanisms-and-transformers
  Appended chapter_attention-mechanisms-and-transformers/index.md
Processing chapter: chapter_optimization
  Appended chapter_optimization/index.md
Processing chapter: chapter_computational-performance
  Appended chapter_computational-performance/index.md
Processing chapter: chapter_computer-vision
  Appended chapter_computer-vision/index.md
Processing chapter: chapter_natural-language-processing-pretraining
  Appended chapter_natural-language-processing-pretraining/index.md
Processing chapter: chapter_natural-language-processing-applications
  Appended chapter_natural-language-processing-applications/index.md
Processing chapter: chapter_reinforcement-learning
  Appended chapter_reinforcement-learning/index.md
Processing chapter: chapter_gaussian-processes
  Appended chapter_gaussian-processes/index.md
Processing chapter: chapter_hyperparameter-optimization
  Appended chapter_hyperparameter-optimization/index.md
Processing chapter: chapter_generative-adversarial-networks
  Appended chapter_generative-adversarial-networks/index.md
Processing chapter: chapter_recommender-systems
  Appended chapter_recommender-systems/index.md
Processing chapter: chapter_appendix-mathematics-for-deep-learning
  Appended chapter_appendix-mathematics-for-deep-learning/index.md
Processing chapter: chapter_appendix-tools-for-deep-learning
  Appended chapter_appendix-tools-for-deep-learning/index.md
Processing chapter: chapter_references
  Index file not found: chapter_references/index.md
